app/build/intermediates/manifest_merge_blame_file/debug/manifest-merger-blame-debug-report.txt
1<?xml version="1.0" encoding="utf-8"?>
2<manifest xmlns:android="http://schemas.android.com/apk/res/android"
3    package="com.example.pos_android"
4    android:versionCode="1"
5    android:versionName="1.0" >
6
7    <uses-sdk
8        android:minSdkVersion="21"
8-->src\main\AndroidManifest.xml
9        android:targetSdkVersion="33" />
9-->src\main\AndroidManifest.xml
10
11    <uses-feature
11-->src\main\AndroidManifest.xml:5:5-7:36
12        android:name="android.hardware.camera"
12-->src\main\AndroidManifest.xml:6:9-47
13        android:required="false" />
13-->src\main\AndroidManifest.xml:7:9-33
14    <uses-feature
14-->src\main\AndroidManifest.xml:8:5-10:36
15        android:name="android.hardware.camera.autofocus"
15-->src\main\AndroidManifest.xml:9:9-57
16        android:required="false" />
16-->src\main\AndroidManifest.xml:10:9-33
17    <uses-feature
17-->src\main\AndroidManifest.xml:11:5-13:36
18        android:name="android.hardware.camera.flash"
18-->src\main\AndroidManifest.xml:12:9-53
19        android:required="false" />
19-->src\main\AndroidManifest.xml:13:9-33
20
21    <uses-permission android:name="android.permission.ACCESS_NETWORK_STATE" />
21-->src\main\AndroidManifest.xml:15:5-79
21-->src\main\AndroidManifest.xml:15:22-76
22    <uses-permission android:name="android.permission.INTERNET" />
22-->src\main\AndroidManifest.xml:16:5-67
22-->src\main\AndroidManifest.xml:16:22-64
23    <uses-permission android:name="android.permission.CAMERA" />
23-->src\main\AndroidManifest.xml:17:5-65
23-->src\main\AndroidManifest.xml:17:22-62
24    <uses-permission android:name="ANDROID.PERMISSION.READ_EXTERNAL_STORAGE" />
24-->src\main\AndroidManifest.xml:18:5-80
24-->src\main\AndroidManifest.xml:18:22-77
25    <uses-permission android:name="android.permission.WRITE_EXTERNAL_STORAGE" />
25-->src\main\AndroidManifest.xml:19:5-81
25-->src\main\AndroidManifest.xml:19:22-78
26    <uses-permission android:name="android.permission.RECORD_AUDIO" />
26-->src\main\AndroidManifest.xml:20:5-71
26-->src\main\AndroidManifest.xml:20:22-68
27    <uses-permission android:name="android.permission.SEND_SMS" />
27-->src\main\AndroidManifest.xml:21:5-67
27-->src\main\AndroidManifest.xml:21:22-64
28
29    <application
29-->src\main\AndroidManifest.xml:23:5-154:19
30        android:allowBackup="true"
30-->src\main\AndroidManifest.xml:24:9-35
31        android:appComponentFactory="androidx.core.app.CoreComponentFactory"
31-->[androidx.core:core:1.8.0] AndroidManifest.xml:24:18-86
32        android:dataExtractionRules="@xml/data_extraction_rules"
32-->src\main\AndroidManifest.xml:25:9-65
33        android:debuggable="true"
34        android:fullBackupContent="@xml/backup_rules"
34-->src\main\AndroidManifest.xml:26:9-54
35        android:icon="@mipmap/ic_launcher"
35-->src\main\AndroidManifest.xml:27:9-43
36        android:label="@string/app_name"
36-->src\main\AndroidManifest.xml:28:9-41
37        android:requestLegacyExternalStorage="true"
37-->src\main\AndroidManifest.xml:29:9-52
38        android:roundIcon="@mipmap/ic_launcher_round"
38-->src\main\AndroidManifest.xml:30:9-54
39        android:supportsRtl="true"
39-->src\main\AndroidManifest.xml:31:9-35
40        android:testOnly="true"
41        android:theme="@style/Theme.POSAndroid"
41-->src\main\AndroidManifest.xml:32:9-48
42        android:usesCleartextTraffic="true" >
42-->src\main\AndroidManifest.xml:33:9-44
43        <activity
43-->src\main\AndroidManifest.xml:35:9-41:20
44            android:name="com.example.pos_android.view.admin.AddVoucherActivity"
44-->src\main\AndroidManifest.xml:36:13-58
45            android:exported="false" >
45-->src\main\AndroidManifest.xml:37:13-37
46            <meta-data
46-->src\main\AndroidManifest.xml:38:13-40:36
47                android:name="android.app.lib_name"
47-->src\main\AndroidManifest.xml:39:17-52
48                android:value="" />
48-->src\main\AndroidManifest.xml:40:17-33
49        </activity>
50        <activity
50-->src\main\AndroidManifest.xml:42:9-48:20
51            android:name="com.example.pos_android.view.admin.CustomerReportActivity"
51-->src\main\AndroidManifest.xml:43:13-62
52            android:exported="false" >
52-->src\main\AndroidManifest.xml:44:13-37
53            <meta-data
53-->src\main\AndroidManifest.xml:38:13-40:36
54                android:name="android.app.lib_name"
54-->src\main\AndroidManifest.xml:39:17-52
55                android:value="" />
55-->src\main\AndroidManifest.xml:40:17-33
56        </activity>
57        <activity
57-->src\main\AndroidManifest.xml:49:9-55:20
58            android:name="com.example.pos_android.view.admin.AddKitchenActivity"
58-->src\main\AndroidManifest.xml:50:13-58
59            android:exported="false" >
59-->src\main\AndroidManifest.xml:51:13-37
60            <meta-data
60-->src\main\AndroidManifest.xml:38:13-40:36
61                android:name="android.app.lib_name"
61-->src\main\AndroidManifest.xml:39:17-52
62                android:value="" />
62-->src\main\AndroidManifest.xml:40:17-33
63        </activity>
64        <activity
64-->src\main\AndroidManifest.xml:56:9-62:20
65            android:name="com.example.pos_android.view.admin.ListAllFoodActivity"
65-->src\main\AndroidManifest.xml:57:13-59
66            android:exported="false" >
66-->src\main\AndroidManifest.xml:58:13-37
67            <meta-data
67-->src\main\AndroidManifest.xml:38:13-40:36
68                android:name="android.app.lib_name"
68-->src\main\AndroidManifest.xml:39:17-52
69                android:value="" />
69-->src\main\AndroidManifest.xml:40:17-33
70        </activity>
71        <activity
71-->src\main\AndroidManifest.xml:63:9-69:20
72            android:name="com.example.pos_android.view.kitchen.KitchenOrderDetailActivity"
72-->src\main\AndroidManifest.xml:64:13-68
73            android:exported="false" >
73-->src\main\AndroidManifest.xml:65:13-37
74            <meta-data
74-->src\main\AndroidManifest.xml:38:13-40:36
75                android:name="android.app.lib_name"
75-->src\main\AndroidManifest.xml:39:17-52
76                android:value="" />
76-->src\main\AndroidManifest.xml:40:17-33
77        </activity>
78        <activity
78-->src\main\AndroidManifest.xml:70:9-76:20
79            android:name="com.example.pos_android.view.kitchen.KitchenActivity"
79-->src\main\AndroidManifest.xml:71:13-57
80            android:exported="false" >
80-->src\main\AndroidManifest.xml:72:13-37
81            <meta-data
81-->src\main\AndroidManifest.xml:38:13-40:36
82                android:name="android.app.lib_name"
82-->src\main\AndroidManifest.xml:39:17-52
83                android:value="" />
83-->src\main\AndroidManifest.xml:40:17-33
84        </activity>
85        <activity
85-->src\main\AndroidManifest.xml:77:9-83:20
86            android:name="com.example.pos_android.view.admin.IncomeReportActivity"
86-->src\main\AndroidManifest.xml:78:13-60
87            android:exported="false" >
87-->src\main\AndroidManifest.xml:79:13-37
88            <meta-data
88-->src\main\AndroidManifest.xml:38:13-40:36
89                android:name="android.app.lib_name"
89-->src\main\AndroidManifest.xml:39:17-52
90                android:value="" />
90-->src\main\AndroidManifest.xml:40:17-33
91        </activity>
92        <activity
92-->src\main\AndroidManifest.xml:84:9-90:20
93            android:name="com.example.pos_android.view.admin.BestSellingReportActivity"
93-->src\main\AndroidManifest.xml:85:13-65
94            android:exported="false" >
94-->src\main\AndroidManifest.xml:86:13-37
95            <meta-data
95-->src\main\AndroidManifest.xml:38:13-40:36
96                android:name="android.app.lib_name"
96-->src\main\AndroidManifest.xml:39:17-52
97                android:value="" />
97-->src\main\AndroidManifest.xml:40:17-33
98        </activity>
99        <activity
99-->src\main\AndroidManifest.xml:91:9-97:20
100            android:name="com.example.pos_android.view.admin.ReportActivity"
100-->src\main\AndroidManifest.xml:92:13-54
101            android:exported="false" >
101-->src\main\AndroidManifest.xml:93:13-37
102            <meta-data
102-->src\main\AndroidManifest.xml:38:13-40:36
103                android:name="android.app.lib_name"
103-->src\main\AndroidManifest.xml:39:17-52
104                android:value="" />
104-->src\main\AndroidManifest.xml:40:17-33
105        </activity>
106        <activity
106-->src\main\AndroidManifest.xml:98:9-104:20
107            android:name="com.example.pos_android.view.admin.SalesReportActivity"
107-->src\main\AndroidManifest.xml:99:13-59
108            android:exported="false" >
108-->src\main\AndroidManifest.xml:100:13-37
109            <meta-data
109-->src\main\AndroidManifest.xml:38:13-40:36
110                android:name="android.app.lib_name"
110-->src\main\AndroidManifest.xml:39:17-52
111                android:value="" />
111-->src\main\AndroidManifest.xml:40:17-33
112        </activity>
113        <activity
113-->src\main\AndroidManifest.xml:105:9-111:20
114            android:name="com.example.pos_android.view.admin.AddFoodActivity"
114-->src\main\AndroidManifest.xml:106:13-55
115            android:exported="false" >
115-->src\main\AndroidManifest.xml:107:13-37
116            <meta-data
116-->src\main\AndroidManifest.xml:38:13-40:36
117                android:name="android.app.lib_name"
117-->src\main\AndroidManifest.xml:39:17-52
118                android:value="" />
118-->src\main\AndroidManifest.xml:40:17-33
119        </activity>
120        <activity
120-->src\main\AndroidManifest.xml:112:9-118:20
121            android:name="com.example.pos_android.view.admin.AdminHomeActivity"
121-->src\main\AndroidManifest.xml:113:13-57
122            android:exported="false" >
122-->src\main\AndroidManifest.xml:114:13-37
123            <meta-data
123-->src\main\AndroidManifest.xml:38:13-40:36
124                android:name="android.app.lib_name"
124-->src\main\AndroidManifest.xml:39:17-52
125                android:value="" />
125-->src\main\AndroidManifest.xml:40:17-33
126        </activity>
127        <activity
127-->src\main\AndroidManifest.xml:119:9-125:20
128            android:name="com.example.pos_android.view.user.UserHomeActivity"
128-->src\main\AndroidManifest.xml:120:13-55
129            android:exported="false" >
129-->src\main\AndroidManifest.xml:121:13-37
130            <meta-data
130-->src\main\AndroidManifest.xml:38:13-40:36
131                android:name="android.app.lib_name"
131-->src\main\AndroidManifest.xml:39:17-52
132                android:value="" />
132-->src\main\AndroidManifest.xml:40:17-33
133        </activity>
134        <activity
134-->src\main\AndroidManifest.xml:126:9-132:20
135            android:name="com.example.pos_android.view.register.RegisterActivity"
135-->src\main\AndroidManifest.xml:127:13-59
136            android:exported="false" >
136-->src\main\AndroidManifest.xml:128:13-37
137            <meta-data
137-->src\main\AndroidManifest.xml:38:13-40:36
138                android:name="android.app.lib_name"
138-->src\main\AndroidManifest.xml:39:17-52
139                android:value="" />
139-->src\main\AndroidManifest.xml:40:17-33
140        </activity>
141        <activity
141-->src\main\AndroidManifest.xml:133:9-139:20
142            android:name="com.example.pos_android.view.login.LoginActivity"
142-->src\main\AndroidManifest.xml:134:13-53
143            android:exported="false" >
143-->src\main\AndroidManifest.xml:135:13-37
144            <meta-data
144-->src\main\AndroidManifest.xml:38:13-40:36
145                android:name="android.app.lib_name"
145-->src\main\AndroidManifest.xml:39:17-52
146                android:value="" />
146-->src\main\AndroidManifest.xml:40:17-33
147        </activity>
148        <activity
148-->src\main\AndroidManifest.xml:140:9-153:20
149            android:name="com.example.pos_android.view.SplashActivity"
149-->src\main\AndroidManifest.xml:141:13-48
150            android:exported="true"
150-->src\main\AndroidManifest.xml:142:13-36
151            android:theme="@style/SplashTheme" >
151-->src\main\AndroidManifest.xml:143:13-47
152            <intent-filter>
152-->src\main\AndroidManifest.xml:144:13-148:29
153                <action android:name="android.intent.action.MAIN" />
153-->src\main\AndroidManifest.xml:145:17-69
153-->src\main\AndroidManifest.xml:145:25-66
154
155                <category android:name="android.intent.category.LAUNCHER" />
155-->src\main\AndroidManifest.xml:147:17-77
155-->src\main\AndroidManifest.xml:147:27-74
156            </intent-filter>
157
158            <meta-data
158-->src\main\AndroidManifest.xml:38:13-40:36
159                android:name="android.app.lib_name"
159-->src\main\AndroidManifest.xml:39:17-52
160                android:value="" />
160-->src\main\AndroidManifest.xml:40:17-33
161        </activity>
162
163        <service
163-->[androidx.room:room-runtime:2.4.3] AndroidManifest.xml:25:9-28:40
164            android:name="androidx.room.MultiInstanceInvalidationService"
164-->[androidx.room:room-runtime:2.4.3] AndroidManifest.xml:26:13-74
165            android:directBootAware="true"
165-->[androidx.room:room-runtime:2.4.3] AndroidManifest.xml:27:13-43
166            android:exported="false" />
166-->[androidx.room:room-runtime:2.4.3] AndroidManifest.xml:28:13-37
167
168        <provider
168-->[androidx.emoji2:emoji2:1.2.0] AndroidManifest.xml:24:9-32:20
169            android:name="androidx.startup.InitializationProvider"
169-->[androidx.emoji2:emoji2:1.2.0] AndroidManifest.xml:25:13-67
170            android:authorities="com.example.pos_android.androidx-startup"
170-->[androidx.emoji2:emoji2:1.2.0] AndroidManifest.xml:26:13-68
171            android:exported="false" >
171-->[androidx.emoji2:emoji2:1.2.0] AndroidManifest.xml:27:13-37
172            <meta-data
172-->[androidx.emoji2:emoji2:1.2.0] AndroidManifest.xml:29:13-31:52
173                android:name="androidx.emoji2.text.EmojiCompatInitializer"
173-->[androidx.emoji2:emoji2:1.2.0] AndroidManifest.xml:30:17-75
174                android:value="androidx.startup" />
174-->[androidx.emoji2:emoji2:1.2.0] AndroidManifest.xml:31:17-49
175            <meta-data
175-->[androidx.lifecycle:lifecycle-process:2.4.1] AndroidManifest.xml:31:13-33:52
176                android:name="androidx.lifecycle.ProcessLifecycleInitializer"
176-->[androidx.lifecycle:lifecycle-process:2.4.1] AndroidManifest.xml:32:17-78
177                android:value="androidx.startup" />
177-->[androidx.lifecycle:lifecycle-process:2.4.1] AndroidManifest.xml:33:17-49
178        </provider>
179
180        <uses-library
180-->[androidx.window:window:1.0.0] AndroidManifest.xml:25:9-27:40
181            android:name="androidx.window.extensions"
181-->[androidx.window:window:1.0.0] AndroidManifest.xml:26:13-54
182            android:required="false" />
182-->[androidx.window:window:1.0.0] AndroidManifest.xml:27:13-37
183        <uses-library
183-->[androidx.window:window:1.0.0] AndroidManifest.xml:28:9-30:40
184            android:name="androidx.window.sidecar"
184-->[androidx.window:window:1.0.0] AndroidManifest.xml:29:13-51
185            android:required="false" />
185-->[androidx.window:window:1.0.0] AndroidManifest.xml:30:13-37
186
187        <provider
187-->[com.squareup.picasso:picasso:2.71828] AndroidManifest.xml:8:9-11:40
188            android:name="com.squareup.picasso.PicassoProvider"
188-->[com.squareup.picasso:picasso:2.71828] AndroidManifest.xml:9:13-64
189            android:authorities="com.example.pos_android.com.squareup.picasso"
189-->[com.squareup.picasso:picasso:2.71828] AndroidManifest.xml:10:13-72
190            android:exported="false" />
190-->[com.squareup.picasso:picasso:2.71828] AndroidManifest.xml:11:13-37
191    </application>
192
193</manifest>